<?xml version="1.0" encoding="UTF-8"?>
<!-- Generated by org.testng.reporters.JUnitXMLReporter -->
<testsuite hostname="MGTECHWKS74" name="Test" tests="1" failures="1" timestamp="16 Mar 2020 04:56:55 GMT" time="0.1" errors="0">
  <testcase name="f" time="0.082" classname="testing.NewTest">
    <failure type="java.lang.NoSuchMethodError" message="com.google.common.base.Preconditions.checkState(ZLjava/lang/String;Ljava/lang/Object;Ljava/lang/Object;Ljava/lang/Object;)V">
      <![CDATA[java.lang.NoSuchMethodError: com.google.common.base.Preconditions.checkState(ZLjava/lang/String;Ljava/lang/Object;Ljava/lang/Object;Ljava/lang/Object;)V
	at org.openqa.selenium.remote.service.DriverService.findExecutable(DriverService.java:134)
	at org.openqa.selenium.chrome.ChromeDriverService.access$000(ChromeDriverService.java:35)
	at org.openqa.selenium.chrome.ChromeDriverService$Builder.findDefaultExecutable(ChromeDriverService.java:159)
	at org.openqa.selenium.remote.service.DriverService$Builder.build(DriverService.java:355)
	at org.openqa.selenium.chrome.ChromeDriverService.createDefaultService(ChromeDriverService.java:94)
	at org.openqa.selenium.chrome.ChromeDriver.<init>(ChromeDriver.java:123)
	at testing.NewTest.f(NewTest.java:30)
... Removed 24 stack frames]]>
    </failure>
  </testcase> <!-- f -->
</testsuite> <!-- Test -->
